<?xml version="1.0" encoding="UTF-8"?>
<testsuite xmlns:xsi="http://www.w3.org/2001/XMLSchema-instance" xsi:noNamespaceSchemaLocation="https://maven.apache.org/surefire/maven-surefire-plugin/xsd/surefire-test-report.xsd" name="test.ProductTest" time="0.001" tests="11" errors="0" skipped="0" failures="0">
  <properties>
[...]
</properties>
  <testcase name="testGetID" classname="test.ProductTest" time="0"/>
  <testcase name="testToCSV" classname="test.ProductTest" time="0"/>
  <testcase name="testSetDescription" classname="test.ProductTest" time="0"/>
  <testcase name="testToString" classname="test.ProductTest" time="0"/>
  <testcase name="testGetCost" classname="test.ProductTest" time="0"/>
  <testcase name="testGetName" classname="test.ProductTest" time="0"/>
  <testcase name="testGetDescription" classname="test.ProductTest" time="0"/>
  <testcase name="testEquals" classname="test.ProductTest" time="0"/>
  <testcase name="testNotEquals" classname="test.ProductTest" time="0"/>
  <testcase name="testSetCost" classname="test.ProductTest" time="0"/>
  <testcase name="testSetName" classname="test.ProductTest" time="0"/>
</testsuite>